-outxml
-source
1.6
-target
1.6
-classpath
/home/roberto/.m2/repository/aopalliance/aopalliance/1.0/aopalliance-1.0.jar:/home/roberto/.m2/repository/commons-beanutils/commons-beanutils/1.8.0/commons-beanutils-1.8.0.jar:/home/roberto/.m2/repository/commons-digester/commons-digester/2.0/commons-digester-2.0.jar:/home/roberto/.m2/repository/commons-fileupload/commons-fileupload/1.2.2/commons-fileupload-1.2.2.jar:/home/roberto/.m2/repository/commons-io/commons-io/1.4/commons-io-1.4.jar:/home/roberto/.m2/repository/commons-logging/commons-logging/1.1.1/commons-logging-1.1.1.jar:/home/roberto/.m2/repository/javax/activation/activation/1.1/activation-1.1.jar:/home/roberto/.m2/repository/javax/inject/javax.inject/1/javax.inject-1.jar:/home/roberto/.m2/repository/javax/mail/mail/1.4.1/mail-1.4.1.jar:/home/roberto/.m2/repository/javax/servlet/jstl/1.2/jstl-1.2.jar:/home/roberto/.m2/repository/javax/servlet/servlet-api/2.5/servlet-api-2.5.jar:/home/roberto/.m2/repository/javax/servlet/jsp/jsp-api/2.1/jsp-api-2.1.jar:/home/roberto/.m2/repository/jdom/jdom/1.0/jdom-1.0.jar:/home/roberto/.m2/repository/joda-time/joda-time/1.6.2/joda-time-1.6.2.jar:/home/roberto/.m2/repository/junit/junit/4.7/junit-4.7.jar:/home/roberto/.m2/repository/log4j/log4j/1.2.15/log4j-1.2.15.jar:/home/roberto/.m2/repository/org/apache/tiles/tiles-api/2.2.2/tiles-api-2.2.2.jar:/home/roberto/.m2/repository/org/apache/tiles/tiles-core/2.2.2/tiles-core-2.2.2.jar:/home/roberto/.m2/repository/org/apache/tiles/tiles-el/2.2.2/tiles-el-2.2.2.jar:/home/roberto/.m2/repository/org/apache/tiles/tiles-jsp/2.2.2/tiles-jsp-2.2.2.jar:/home/roberto/.m2/repository/org/apache/tiles/tiles-servlet/2.2.2/tiles-servlet-2.2.2.jar:/home/roberto/.m2/repository/org/apache/tiles/tiles-template/2.2.2/tiles-template-2.2.2.jar:/home/roberto/.m2/repository/org/aspectj/aspectjrt/1.6.9/aspectjrt-1.6.9.jar:/home/roberto/.m2/repository/org/codehaus/jackson/jackson-core-asl/1.6.4/jackson-core-asl-1.6.4.jar:/home/roberto/.m2/repository/org/codehaus/jackson/jackson-mapper-asl/1.6.4/jackson-mapper-asl-1.6.4.jar:/home/roberto/.m2/repository/org/slf4j/jcl-over-slf4j/1.5.10/jcl-over-slf4j-1.5.10.jar:/home/roberto/.m2/repository/org/slf4j/slf4j-api/1.5.10/slf4j-api-1.5.10.jar:/home/roberto/.m2/repository/org/slf4j/slf4j-log4j12/1.5.10/slf4j-log4j12-1.5.10.jar:/home/roberto/.m2/repository/org/springframework/spring-aop/3.1.0.M1/spring-aop-3.1.0.M1.jar:/home/roberto/.m2/repository/org/springframework/spring-asm/3.1.0.M1/spring-asm-3.1.0.M1.jar:/home/roberto/.m2/repository/org/springframework/spring-beans/3.1.0.M1/spring-beans-3.1.0.M1.jar:/home/roberto/.m2/repository/org/springframework/spring-context/3.1.0.M1/spring-context-3.1.0.M1.jar:/home/roberto/.m2/repository/org/springframework/spring-context-support/3.1.0.M1/spring-context-support-3.1.0.M1.jar:/home/roberto/.m2/repository/org/springframework/spring-core/3.1.0.M1/spring-core-3.1.0.M1.jar:/home/roberto/.m2/repository/org/springframework/spring-expression/3.1.0.M1/spring-expression-3.1.0.M1.jar:/home/roberto/.m2/repository/org/springframework/spring-web/3.1.0.M1/spring-web-3.1.0.M1.jar:/home/roberto/.m2/repository/org/springframework/spring-webmvc/3.1.0.M1/spring-webmvc-3.1.0.M1.jar:/home/roberto/.m2/repository/org/springframework/integration/spring-integration-core/2.0.3.RELEASE/spring-integration-core-2.0.3.RELEASE.jar:/home/roberto/.m2/repository/org/springframework/integration/spring-integration-mail/2.0.3.RELEASE/spring-integration-mail-2.0.3.RELEASE.jar:/home/roberto/.m2/repository/org/springframework/mobile/spring-mobile-device/1.0.0.M3/spring-mobile-device-1.0.0.M3.jar:/home/roberto/.m2/repository/org/springframework/roo/org.springframework.roo.annotations/1.0.2.RELEASE/org.springframework.roo.annotations-1.0.2.RELEASE.jar:/home/roberto/.m2/repository/rome/rome/0.9/rome-0.9.jar:/home/roberto/springsource/workspace/1/target/classes
-d
/home/roberto/springsource/workspace/1/target/classes
/home/roberto/springsource/workspace/1/src/main/java/com/platybox/api/bits/CreateBits.java
/home/roberto/springsource/workspace/1/src/main/java/com/platybox/api/places/ShowPlaces.java
/home/roberto/springsource/workspace/1/src/main/java/com/platybox/provider/core/OAuthProvider.java
/home/roberto/springsource/workspace/1/src/main/java/com/platybox/app/register/SignupController.java
/home/roberto/springsource/workspace/1/src/main/java/com/platybox/models/signupremotely/SignupRemotelyResponseModel.java
/home/roberto/springsource/workspace/1/src/main/java/com/platybox/api/promos/ShowPromos.java
/home/roberto/springsource/workspace/1/src/main/java/com/platybox/models/coupons/CouponsModel.java
/home/roberto/springsource/workspace/1/src/main/java/com/platybox/api/promos/CreatePromos.java
/home/roberto/springsource/workspace/1/src/main/java/com/platybox/models/links/LinkModel.java
/home/roberto/springsource/workspace/1/src/main/java/com/platybox/models/bits/BitsRegistrationsModel.java
/home/roberto/springsource/workspace/1/src/main/java/com/platybox/api/pos/squirrel/BitsSquirrel.java
/home/roberto/springsource/workspace/1/src/main/java/com/platybox/models/pos/PosModel.java
/home/roberto/springsource/workspace/1/src/main/java/com/platybox/models/analytics/TwoWeekCheckinsModel.java
/home/roberto/springsource/workspace/1/src/main/java/com/platybox/models/promos/PromosPosSquirrelModel.java
/home/roberto/springsource/workspace/1/src/main/java/com/platybox/api/analytics/UsageAnalytics.java
/home/roberto/springsource/workspace/1/src/main/java/com/platybox/api/analytics/CheckinsAnalytics.java
/home/roberto/springsource/workspace/1/src/main/java/com/platybox/models/bits/BitsScannedModel.java
/home/roberto/springsource/workspace/1/src/main/java/com/platybox/models/places/PlacesModel.java
/home/roberto/springsource/workspace/1/src/main/java/com/platybox/app/session/LogoutController.java
/home/roberto/springsource/workspace/1/src/main/java/com/platybox/models/pos/PosReceiptMessageModel.java
/home/roberto/springsource/workspace/1/src/main/java/com/platybox/utils/PromosUtils.java
/home/roberto/springsource/workspace/1/src/main/java/com/platybox/models/leaders/LeadersModel.java
/home/roberto/springsource/workspace/1/src/main/java/com/platybox/api/leaders/ShowQuestsLeaders.java
/home/roberto/springsource/workspace/1/src/main/java/com/platybox/app/error/ErrorController.java
/home/roberto/springsource/workspace/1/src/main/java/com/platybox/models/users/UserProfileModel.java
/home/roberto/springsource/workspace/1/src/main/java/com/platybox/utils/json/ConversionServiceAwareObjectMapper.java
/home/roberto/springsource/workspace/1/src/main/java/com/platybox/app/oauth/AuthorizationController.java
/home/roberto/springsource/workspace/1/src/main/java/com/platybox/email/Worker.java
/home/roberto/springsource/workspace/1/src/main/java/com/platybox/utils/database/ScriptRunner.java
/home/roberto/springsource/workspace/1/src/main/java/com/platybox/models/analytics/TwoWeekScansModel.java
/home/roberto/springsource/workspace/1/src/main/java/com/platybox/models/pingresponse/PingResponseModel.java
/home/roberto/springsource/workspace/1/src/main/java/com/platybox/api/promos/PlacePromos.java
/home/roberto/springsource/workspace/1/src/main/java/com/platybox/app/register/RecoverPasswordController.java
/home/roberto/springsource/workspace/1/src/main/java/com/platybox/api/promos/SponsoredPromos.java
/home/roberto/springsource/workspace/1/src/main/java/com/platybox/models/bits/BitModel.java
/home/roberto/springsource/workspace/1/src/main/java/com/platybox/app/oauth/AuthenticationController.java
/home/roberto/springsource/workspace/1/src/main/java/com/platybox/utils/database/InitializeDatabase.java
/home/roberto/springsource/workspace/1/src/main/java/com/platybox/api/promos/InvalidatePromos.java
/home/roberto/springsource/workspace/1/src/main/java/com/platybox/models/quests/QuestsBadgesModel.java
/home/roberto/springsource/workspace/1/src/main/java/com/platybox/models/quests/QuestGoalModel.java
/home/roberto/springsource/workspace/1/src/main/java/com/platybox/api/analytics/ScansAnalytics.java
/home/roberto/springsource/workspace/1/src/main/java/com/platybox/sms/SMSUtils.java
/home/roberto/springsource/workspace/1/src/main/java/com/platybox/api/users/ShowUsers.java
/home/roberto/springsource/workspace/1/src/main/java/com/platybox/models/promos/PromoModel.java
/home/roberto/springsource/workspace/1/src/main/java/com/platybox/api/links/CreateLinks.java
/home/roberto/springsource/workspace/1/src/main/java/com/platybox/provider/servlets/LogoutServlet.java
/home/roberto/springsource/workspace/1/src/main/java/com/platybox/provider/servlets/CookieMap.java
/home/roberto/springsource/workspace/1/src/main/java/com/platybox/utils/DateUtils.java
/home/roberto/springsource/workspace/1/src/main/java/com/platybox/utils/CreateBitQR.java
/home/roberto/springsource/workspace/1/src/main/java/com/platybox/api/promos/UserPromos.java
/home/roberto/springsource/workspace/1/src/main/java/com/platybox/app/register/SignupRemotelyController.java
/home/roberto/springsource/workspace/1/src/main/java/com/platybox/models/places/PlaceProfileModel.java
/home/roberto/springsource/workspace/1/src/main/java/com/platybox/models/phones/PhoneStatusModel.java
/home/roberto/springsource/workspace/1/src/main/java/com/platybox/api/users/SearchUsers.java
/home/roberto/springsource/workspace/1/src/main/java/com/platybox/api/coupons/ShowCoupons.java
/home/roberto/springsource/workspace/1/src/main/java/com/platybox/app/package-info.java
/home/roberto/springsource/workspace/1/src/main/java/com/platybox/app/settings/AccountSettingsController.java
/home/roberto/springsource/workspace/1/src/main/java/com/platybox/models/places/PlaceModel.java
/home/roberto/springsource/workspace/1/src/main/java/com/platybox/models/users/UsersModel.java
/home/roberto/springsource/workspace/1/src/main/java/com/platybox/models/friends/FriendsModel.java
/home/roberto/springsource/workspace/1/src/main/java/com/platybox/utils/database/DatabaseUtils.java
/home/roberto/springsource/workspace/1/src/main/java/com/platybox/utils/json/FormatAnnotationIntrospector.java
/home/roberto/springsource/workspace/1/src/main/java/com/platybox/utils/TokenGenerator.java
/home/roberto/springsource/workspace/1/src/main/java/com/platybox/email/PlatyboxEmailManager.java
/home/roberto/springsource/workspace/1/src/main/java/com/platybox/api/checkins/BitCheckins.java
/home/roberto/springsource/workspace/1/src/main/java/com/platybox/models/links/LinksModel.java
/home/roberto/springsource/workspace/1/src/main/java/com/platybox/models/masteries/MasteryModel.java
/home/roberto/springsource/workspace/1/src/main/java/com/platybox/provider/servlets/AccessTokenServlet.java
/home/roberto/springsource/workspace/1/src/main/java/com/platybox/api/bits/UpdateBits.java
/home/roberto/springsource/workspace/1/src/main/java/com/platybox/app/profile/ProfileController.java
/home/roberto/springsource/workspace/1/src/main/java/com/platybox/email/AsyncWorker.java
/home/roberto/springsource/workspace/1/src/main/java/com/platybox/api/friends/CreateFriends.java
/home/roberto/springsource/workspace/1/src/main/java/com/platybox/api/ping/Ping.java
/home/roberto/springsource/workspace/1/src/main/java/com/platybox/exception/GenericException.java
/home/roberto/springsource/workspace/1/src/main/java/com/platybox/api/promos/ConsumePromos.java
/home/roberto/springsource/workspace/1/src/main/java/com/platybox/app/home/HomeController.java
/home/roberto/springsource/workspace/1/src/main/java/com/platybox/models/users/UserPlacesModel.java
/home/roberto/springsource/workspace/1/src/main/java/com/platybox/models/friends/FriendModel.java
/home/roberto/springsource/workspace/1/src/main/java/com/platybox/models/checkins/BitCheckinModel.java
/home/roberto/springsource/workspace/1/src/main/java/com/platybox/api/links/ShowLinks.java
/home/roberto/springsource/workspace/1/src/main/java/com/platybox/app/settings/ProfileSettingsController.java
/home/roberto/springsource/workspace/1/src/main/java/com/platybox/app/error/ExceptionTestController.java
/home/roberto/springsource/workspace/1/src/main/java/com/platybox/models/promos/PromosModel.java
/home/roberto/springsource/workspace/1/src/main/java/com/platybox/utils/json/JacksonConversionServiceConfigurer.java
/home/roberto/springsource/workspace/1/src/main/java/com/platybox/models/weeklypoints/WeeklyPointsModel.java
/home/roberto/springsource/workspace/1/src/main/java/com/platybox/models/quests/QuestScoresModel.java
/home/roberto/springsource/workspace/1/src/main/java/com/platybox/app/register/RegisterController.java
/home/roberto/springsource/workspace/1/src/main/java/com/platybox/models/emails/EmailsQueueModel.java
/home/roberto/springsource/workspace/1/src/main/java/com/platybox/email/SchedulerService.java
/home/roberto/springsource/workspace/1/src/main/java/com/platybox/api/friends/ShowFriends.java
/home/roberto/springsource/workspace/1/src/main/java/com/platybox/utils/BitsUtils.java
/home/roberto/springsource/workspace/1/src/main/java/com/platybox/api/bits/ShowBits.java
/home/roberto/springsource/workspace/1/src/main/java/com/platybox/utils/IcalScheduler.java
/home/roberto/springsource/workspace/1/src/main/java/com/platybox/api/friends/DestroyFriends.java
/home/roberto/springsource/workspace/1/src/main/java/com/platybox/api/sms/CheckinSms.java
/home/roberto/springsource/workspace/1/src/main/java/com/platybox/provider/servlets/RequestTokenServlet.java
/home/roberto/springsource/workspace/1/src/main/java/com/platybox/email/EmailManager.java
/home/roberto/springsource/workspace/1/src/main/java/com/platybox/utils/ImageUtils.java
/home/roberto/springsource/workspace/1/src/main/java/com/platybox/api/quests/AvailableQuests.java
/home/roberto/springsource/workspace/1/src/main/java/com/platybox/api/places/ProfilePlaces.java
/home/roberto/springsource/workspace/1/src/main/java/com/platybox/api/links/DestroyLinks.java
/home/roberto/springsource/workspace/1/src/main/java/com/platybox/models/quests/QuestModel.java
/home/roberto/springsource/workspace/1/src/main/java/com/platybox/utils/CouponsUtils.java
/home/roberto/springsource/workspace/1/src/main/java/com/platybox/models/analytics/TwoWeekScansAndCheckinsModel.java
/home/roberto/springsource/workspace/1/src/main/java/com/platybox/models/users/UserScoresPlacesModel.java
/home/roberto/springsource/workspace/1/src/main/java/com/platybox/api/places/SearchPlaces.java
/home/roberto/springsource/workspace/1/src/main/java/com/platybox/pos/squirrel/PosHandler.java
/home/roberto/springsource/workspace/1/src/main/java/com/platybox/models/users/UserScoresModel.java
/home/roberto/springsource/workspace/1/src/main/java/com/platybox/api/leaders/ShowPromosLeaders.java
/home/roberto/springsource/workspace/1/src/main/java/com/platybox/visit/QrVisitServlet.java
/home/roberto/springsource/workspace/1/src/main/java/com/platybox/app/session/LoginController.java
/home/roberto/springsource/workspace/1/src/main/java/com/platybox/utils/json/ConvertingDeserializer.java
/home/roberto/springsource/workspace/1/src/main/java/com/platybox/session/SessionHandler.java
/home/roberto/springsource/workspace/1/src/main/java/com/platybox/utils/json/ConvertingSerializer.java
/home/roberto/springsource/workspace/1/src/main/java/com/platybox/app/ping/PingController.java
/home/roberto/springsource/workspace/1/src/main/java/com/platybox/pos/squirrel/SquirrelConnector.java
/home/roberto/springsource/workspace/1/src/main/java/com/platybox/sms/TropoSMSConnector.java
/home/roberto/springsource/workspace/1/src/main/java/com/platybox/utils/CharEscaper.java
/home/roberto/springsource/workspace/1/src/main/java/com/platybox/models/users/UserModel.java
/home/roberto/springsource/workspace/1/src/main/java/com/platybox/models/quests/QuestsBadgeModel.java
/home/roberto/springsource/workspace/1/src/main/java/com/platybox/api/promos/DestroyPromos.java
/home/roberto/springsource/workspace/1/src/main/java/com/platybox/models/quests/QuestsModel.java
/home/roberto/springsource/workspace/1/src/main/java/com/platybox/utils/RegisterUtils.java
